<?xml version="1.0" encoding="UTF-8"?>
<!-- Generated by org.testng.reporters.JUnitReportReporter -->
<testsuite hostname="R2D2" name="org.practise.sprint7.PractiseOne" tests="1" failures="0" timestamp="25 Apr 2018 01:00:59 GMT" time="0.140" errors="0">
  <testcase name="testOne" time="0.140" classname="org.practise.sprint7.PractiseOne"/>
</testsuite> <!-- org.practise.sprint7.PractiseOne -->
